Misión: ColonyMoon
Dispositivo: Satelite, Porcentaje: 4.00%
Dispositivo: Nave, Porcentaje: 4.00%
Dispositivo: Traje, Porcentaje: 4.00%
Dispositivo: Vehiculo, Porcentaje: 4.00%
Dispositivo: Robot, Porcentaje: 4.00%
Misión: GalaxyOne
Dispositivo: Satelite, Porcentaje: 4.00%
Dispositivo: Nave, Porcentaje: 4.00%
Dispositivo: Traje, Porcentaje: 4.00%
Dispositivo: Vehiculo, Porcentaje: 4.00%
Dispositivo: Robot, Porcentaje: 4.00%
Misión: OrbitOne
Dispositivo: Satelite, Porcentaje: 4.00%
Dispositivo: Nave, Porcentaje: 4.00%
Dispositivo: Traje, Porcentaje: 4.00%
Dispositivo: Vehiculo, Porcentaje: 4.00%
Dispositivo: Robot, Porcentaje: 4.00%
Misión: VacMars
Dispositivo: Satelite, Porcentaje: 4.00%
Dispositivo: Nave, Porcentaje: 4.00%
Dispositivo: Traje, Porcentaje: 4.00%
Dispositivo: Vehiculo, Porcentaje: 4.00%
Dispositivo: Robot, Porcentaje: 4.00%
Misión: Unknown
Dispositivo: Satelite, Porcentaje: 4.00%
Dispositivo: Nave, Porcentaje: 4.00%
Dispositivo: Traje, Porcentaje: 4.00%
Dispositivo: Vehiculo, Porcentaje: 4.00%
Dispositivo: Robot, Porcentaje: 4.00%
